{"/Users/glitterglam/Documents/FAC/week2/romanizer/romanizer.test.js":{"path":"/Users/glitterglam/Documents/FAC/week2/romanizer/romanizer.test.js","s":{"1":1,"2":1,"3":1,"4":1,"5":1,"6":1,"7":1,"8":1,"9":1,"10":1,"11":1,"12":1,"13":1,"14":1,"15":1,"16":1,"17":1,"18":1,"19":1,"20":1,"21":1,"22":1,"23":1,"24":1,"25":1,"26":1,"27":1,"28":1,"29":1,"30":1,"31":1,"32":1,"33":1,"34":1,"35":1,"36":1,"37":1,"38":1,"39":1,"40":1,"41":1,"42":1,"43":1,"44":1,"45":1,"46":1,"47":1,"48":1,"49":1,"50":1,"51":1,"52":1,"53":1,"54":1,"55":1,"56":1,"57":1,"58":1,"59":1,"60":1,"61":1,"62":1,"63":1,"64":1,"65":1,"66":1,"67":1,"68":1,"69":1,"70":1,"71":1,"72":1,"73":1,"74":1,"75":1},"b":{},"f":{"1":1,"2":1,"3":1,"4":1,"5":1,"6":1,"7":1,"8":1,"9":1,"10":1,"11":1,"12":1,"13":1,"14":1,"15":1},"fnMap":{"1":{"name":"(anonymous_1)","line":4,"loc":{"start":{"line":4,"column":23},"end":{"line":4,"column":35}}},"2":{"name":"(anonymous_2)","line":9,"loc":{"start":{"line":9,"column":24},"end":{"line":9,"column":35}}},"3":{"name":"(anonymous_3)","line":17,"loc":{"start":{"line":17,"column":34},"end":{"line":17,"column":45}}},"4":{"name":"(anonymous_4)","line":24,"loc":{"start":{"line":24,"column":34},"end":{"line":24,"column":45}}},"5":{"name":"(anonymous_5)","line":31,"loc":{"start":{"line":31,"column":34},"end":{"line":31,"column":45}}},"6":{"name":"(anonymous_6)","line":38,"loc":{"start":{"line":38,"column":34},"end":{"line":38,"column":45}}},"7":{"name":"(anonymous_7)","line":45,"loc":{"start":{"line":45,"column":34},"end":{"line":45,"column":45}}},"8":{"name":"(anonymous_8)","line":53,"loc":{"start":{"line":53,"column":34},"end":{"line":53,"column":45}}},"9":{"name":"(anonymous_9)","line":60,"loc":{"start":{"line":60,"column":34},"end":{"line":60,"column":45}}},"10":{"name":"(anonymous_10)","line":68,"loc":{"start":{"line":68,"column":34},"end":{"line":68,"column":45}}},"11":{"name":"(anonymous_11)","line":75,"loc":{"start":{"line":75,"column":34},"end":{"line":75,"column":45}}},"12":{"name":"(anonymous_12)","line":82,"loc":{"start":{"line":82,"column":34},"end":{"line":82,"column":45}}},"13":{"name":"(anonymous_13)","line":89,"loc":{"start":{"line":89,"column":34},"end":{"line":89,"column":45}}},"14":{"name":"(anonymous_14)","line":96,"loc":{"start":{"line":96,"column":39},"end":{"line":96,"column":50}}},"15":{"name":"(anonymous_15)","line":103,"loc":{"start":{"line":103,"column":37},"end":{"line":103,"column":48}}}},"statementMap":{"1":{"start":{"line":1,"column":0},"end":{"line":1,"column":29}},"2":{"start":{"line":2,"column":0},"end":{"line":2,"column":42}},"3":{"start":{"line":4,"column":0},"end":{"line":7,"column":3}},"4":{"start":{"line":5,"column":4},"end":{"line":5,"column":40}},"5":{"start":{"line":6,"column":4},"end":{"line":6,"column":12}},"6":{"start":{"line":9,"column":0},"end":{"line":15,"column":3}},"7":{"start":{"line":10,"column":2},"end":{"line":10,"column":35}},"8":{"start":{"line":11,"column":2},"end":{"line":11,"column":26}},"9":{"start":{"line":12,"column":2},"end":{"line":12,"column":62}},"10":{"start":{"line":13,"column":2},"end":{"line":13,"column":10}},"11":{"start":{"line":17,"column":0},"end":{"line":22,"column":3}},"12":{"start":{"line":18,"column":2},"end":{"line":18,"column":28}},"13":{"start":{"line":19,"column":2},"end":{"line":19,"column":20}},"14":{"start":{"line":20,"column":2},"end":{"line":20,"column":47}},"15":{"start":{"line":21,"column":2},"end":{"line":21,"column":10}},"16":{"start":{"line":24,"column":0},"end":{"line":29,"column":3}},"17":{"start":{"line":25,"column":2},"end":{"line":25,"column":28}},"18":{"start":{"line":26,"column":2},"end":{"line":26,"column":21}},"19":{"start":{"line":27,"column":2},"end":{"line":27,"column":48}},"20":{"start":{"line":28,"column":2},"end":{"line":28,"column":10}},"21":{"start":{"line":31,"column":0},"end":{"line":36,"column":3}},"22":{"start":{"line":32,"column":2},"end":{"line":32,"column":28}},"23":{"start":{"line":33,"column":2},"end":{"line":33,"column":22}},"24":{"start":{"line":34,"column":2},"end":{"line":34,"column":49}},"25":{"start":{"line":35,"column":2},"end":{"line":35,"column":10}},"26":{"start":{"line":38,"column":0},"end":{"line":43,"column":3}},"27":{"start":{"line":39,"column":2},"end":{"line":39,"column":28}},"28":{"start":{"line":40,"column":2},"end":{"line":40,"column":21}},"29":{"start":{"line":41,"column":2},"end":{"line":41,"column":48}},"30":{"start":{"line":42,"column":2},"end":{"line":42,"column":10}},"31":{"start":{"line":45,"column":0},"end":{"line":50,"column":3}},"32":{"start":{"line":46,"column":2},"end":{"line":46,"column":28}},"33":{"start":{"line":47,"column":2},"end":{"line":47,"column":20}},"34":{"start":{"line":48,"column":2},"end":{"line":48,"column":47}},"35":{"start":{"line":49,"column":2},"end":{"line":49,"column":10}},"36":{"start":{"line":53,"column":0},"end":{"line":58,"column":3}},"37":{"start":{"line":54,"column":2},"end":{"line":54,"column":28}},"38":{"start":{"line":55,"column":2},"end":{"line":55,"column":21}},"39":{"start":{"line":56,"column":2},"end":{"line":56,"column":48}},"40":{"start":{"line":57,"column":2},"end":{"line":57,"column":10}},"41":{"start":{"line":60,"column":0},"end":{"line":65,"column":3}},"42":{"start":{"line":61,"column":2},"end":{"line":61,"column":28}},"43":{"start":{"line":62,"column":2},"end":{"line":62,"column":21}},"44":{"start":{"line":63,"column":2},"end":{"line":63,"column":48}},"45":{"start":{"line":64,"column":2},"end":{"line":64,"column":10}},"46":{"start":{"line":68,"column":0},"end":{"line":73,"column":3}},"47":{"start":{"line":69,"column":2},"end":{"line":69,"column":29}},"48":{"start":{"line":70,"column":2},"end":{"line":70,"column":20}},"49":{"start":{"line":71,"column":2},"end":{"line":71,"column":48}},"50":{"start":{"line":72,"column":2},"end":{"line":72,"column":10}},"51":{"start":{"line":75,"column":0},"end":{"line":80,"column":3}},"52":{"start":{"line":76,"column":2},"end":{"line":76,"column":29}},"53":{"start":{"line":77,"column":2},"end":{"line":77,"column":21}},"54":{"start":{"line":78,"column":2},"end":{"line":78,"column":49}},"55":{"start":{"line":79,"column":2},"end":{"line":79,"column":10}},"56":{"start":{"line":82,"column":0},"end":{"line":87,"column":3}},"57":{"start":{"line":83,"column":2},"end":{"line":83,"column":29}},"58":{"start":{"line":84,"column":2},"end":{"line":84,"column":21}},"59":{"start":{"line":85,"column":2},"end":{"line":85,"column":49}},"60":{"start":{"line":86,"column":2},"end":{"line":86,"column":10}},"61":{"start":{"line":89,"column":0},"end":{"line":94,"column":3}},"62":{"start":{"line":90,"column":2},"end":{"line":90,"column":30}},"63":{"start":{"line":91,"column":2},"end":{"line":91,"column":22}},"64":{"start":{"line":92,"column":2},"end":{"line":92,"column":51}},"65":{"start":{"line":93,"column":2},"end":{"line":93,"column":10}},"66":{"start":{"line":96,"column":0},"end":{"line":101,"column":3}},"67":{"start":{"line":97,"column":2},"end":{"line":97,"column":31}},"68":{"start":{"line":98,"column":2},"end":{"line":98,"column":61}},"69":{"start":{"line":99,"column":2},"end":{"line":99,"column":68}},"70":{"start":{"line":100,"column":2},"end":{"line":100,"column":10}},"71":{"start":{"line":103,"column":0},"end":{"line":108,"column":3}},"72":{"start":{"line":104,"column":2},"end":{"line":104,"column":29}},"73":{"start":{"line":105,"column":2},"end":{"line":105,"column":61}},"74":{"start":{"line":106,"column":2},"end":{"line":106,"column":61}},"75":{"start":{"line":107,"column":2},"end":{"line":107,"column":10}}},"branchMap":{}},"/Users/glitterglam/Documents/FAC/week2/romanizer/romanizer.js":{"path":"/Users/glitterglam/Documents/FAC/week2/romanizer/romanizer.js","s":{"1":1,"2":1,"3":14,"4":14,"5":14,"6":2,"7":12,"8":120,"9":19,"10":19,"11":12,"12":1},"b":{"1":[2,12],"2":[14,13]},"f":{"1":14,"2":120},"fnMap":{"1":{"name":"romanizer","line":45,"loc":{"start":{"line":45,"column":0},"end":{"line":45,"column":23}}},"2":{"name":"(anonymous_2)","line":53,"loc":{"start":{"line":53,"column":17},"end":{"line":53,"column":33}}}},"statementMap":{"1":{"start":{"line":1,"column":0},"end":{"line":43,"column":1}},"2":{"start":{"line":45,"column":0},"end":{"line":65,"column":1}},"3":{"start":{"line":46,"column":2},"end":{"line":46,"column":18}},"4":{"start":{"line":47,"column":2},"end":{"line":47,"column":22}},"5":{"start":{"line":49,"column":2},"end":{"line":51,"column":3}},"6":{"start":{"line":50,"column":4},"end":{"line":50,"column":56}},"7":{"start":{"line":53,"column":2},"end":{"line":58,"column":5}},"8":{"start":{"line":54,"column":4},"end":{"line":57,"column":5}},"9":{"start":{"line":55,"column":6},"end":{"line":55,"column":28}},"10":{"start":{"line":56,"column":6},"end":{"line":56,"column":32}},"11":{"start":{"line":59,"column":2},"end":{"line":59,"column":16}},"12":{"start":{"line":73,"column":0},"end":{"line":73,"column":24}}},"branchMap":{"1":{"line":49,"type":"if","locations":[{"start":{"line":49,"column":2},"end":{"line":49,"column":2}},{"start":{"line":49,"column":2},"end":{"line":49,"column":2}}]},"2":{"line":49,"type":"binary-expr","locations":[{"start":{"line":49,"column":6},"end":{"line":49,"column":16}},{"start":{"line":49,"column":19},"end":{"line":49,"column":25}}]}}}}