TN:
SF:/Users/glitterglam/Documents/FAC/week2/romanizer/romanizer.test.js
FN:4,(anonymous_1)
FN:9,(anonymous_2)
FN:17,(anonymous_3)
FN:24,(anonymous_4)
FN:31,(anonymous_5)
FN:38,(anonymous_6)
FN:45,(anonymous_7)
FN:53,(anonymous_8)
FN:60,(anonymous_9)
FN:68,(anonymous_10)
FN:75,(anonymous_11)
FN:82,(anonymous_12)
FN:89,(anonymous_13)
FN:96,(anonymous_14)
FN:103,(anonymous_15)
FNF:15
FNH:15
FNDA:1,(anonymous_1)
FNDA:1,(anonymous_2)
FNDA:1,(anonymous_3)
FNDA:1,(anonymous_4)
FNDA:1,(anonymous_5)
FNDA:1,(anonymous_6)
FNDA:1,(anonymous_7)
FNDA:1,(anonymous_8)
FNDA:1,(anonymous_9)
FNDA:1,(anonymous_10)
FNDA:1,(anonymous_11)
FNDA:1,(anonymous_12)
FNDA:1,(anonymous_13)
FNDA:1,(anonymous_14)
FNDA:1,(anonymous_15)
DA:1,1
DA:2,1
DA:4,1
DA:5,1
DA:6,1
DA:9,1
DA:10,1
DA:11,1
DA:12,1
DA:13,1
DA:17,1
DA:18,1
DA:19,1
DA:20,1
DA:21,1
DA:24,1
DA:25,1
DA:26,1
DA:27,1
DA:28,1
DA:31,1
DA:32,1
DA:33,1
DA:34,1
DA:35,1
DA:38,1
DA:39,1
DA:40,1
DA:41,1
DA:42,1
DA:45,1
DA:46,1
DA:47,1
DA:48,1
DA:49,1
DA:53,1
DA:54,1
DA:55,1
DA:56,1
DA:57,1
DA:60,1
DA:61,1
DA:62,1
DA:63,1
DA:64,1
DA:68,1
DA:69,1
DA:70,1
DA:71,1
DA:72,1
DA:75,1
DA:76,1
DA:77,1
DA:78,1
DA:79,1
DA:82,1
DA:83,1
DA:84,1
DA:85,1
DA:86,1
DA:89,1
DA:90,1
DA:91,1
DA:92,1
DA:93,1
DA:96,1
DA:97,1
DA:98,1
DA:99,1
DA:100,1
DA:103,1
DA:104,1
DA:105,1
DA:106,1
DA:107,1
LF:75
LH:75
BRF:0
BRH:0
end_of_record
TN:
SF:/Users/glitterglam/Documents/FAC/week2/romanizer/romanizer.js
FN:45,romanizer
FN:53,(anonymous_2)
FNF:2
FNH:2
FNDA:14,romanizer
FNDA:120,(anonymous_2)
DA:1,1
DA:45,1
DA:46,14
DA:47,14
DA:49,14
DA:50,2
DA:53,12
DA:54,120
DA:55,19
DA:56,19
DA:59,12
DA:73,1
LF:12
LH:12
BRDA:49,1,0,2
BRDA:49,1,1,12
BRDA:49,2,0,14
BRDA:49,2,1,13
BRF:4
BRH:4
end_of_record
